<?xml version="1.0" encoding="UTF-8"?>
<!-- Generated by org.testng.reporters.JUnitXMLReporter -->
<testsuite hostname="DESKTOP-MDBO7TE" ignored="3" tests="0" failures="0" timestamp="2022-11-08T08:51:26 IST" time="15.36" errors="0">
  <testcase name="BusinessLogic_Two" time="0.0" classname="TESTNG.enable_method">
    <ignored/>
  </testcase> <!-- BusinessLogic_Two -->
  <testcase name="BusinessLogic_three" time="0.0" classname="TESTNG.enable_method">
    <ignored/>
  </testcase> <!-- BusinessLogic_three -->
  <testcase name="BusinessLogic_one" time="0.0" classname="TESTNG.enable_method">
    <ignored/>
  </testcase> <!-- BusinessLogic_one -->
</testsuite>
